<?xml version="1.0" encoding="UTF-8" ?>
<testsuite tests="10" failures="0" name="runners.RunnerTest" time="6.346" errors="1" skipped="0">
  <properties>
[...]
</properties>
  <testcase classname="Add contacts to the Simple Agenda app" name="Add new contact" time="4.154">
    <error message="Unable to locate element: table
For documentation on this error, please visit: https://www.seleniumhq.org/exceptions/no_such_element.html
Build info: version: &apos;3.141.59&apos;, revision: &apos;e82be7d358&apos;, time: &apos;2018-11-14T08:17:03&apos;
System info: host: &apos;LUCASAMARAL&apos;, ip: &apos;192.168.0.12&apos;, os.name: &apos;Windows 10&apos;, os.arch: &apos;amd64&apos;, os.version: &apos;10.0&apos;, java.version: &apos;1.8.0_271&apos;
Driver info: org.openqa.selenium.firefox.FirefoxDriver
Capabilities {acceptInsecureCerts: true, browserName: firefox, browserVersion: 82.0, javascriptEnabled: true, moz:accessibilityChecks: false, moz:buildID: 20201014125134, moz:geckodriverVersion: 0.28.0, moz:headless: false, moz:processID: 22656, moz:profile: C:\Users\SouthSystem\AppDat..., moz:shutdownTimeout: 60000, moz:useNonSpecCompliantPointerOrigin: false, moz:webdriverClick: true, pageLoadStrategy: normal, platform: WINDOWS, platformName: WINDOWS, platformVersion: 10.0, rotatable: false, setWindowRect: true, strictFileInteractability: false, timeouts: {implicit: 0, pageLoad: 300000, script: 30000}, unhandledPromptBehavior: dismiss and notify}
Session ID: 551f5239-0c46-4ea1-a665-560e8f48ffe0
*** Element info: {Using=tag name, value=table}" type="org.openqa.selenium.NoSuchElementException">org.openqa.selenium.NoSuchElementException: Unable to locate element: table
For documentation on this error, please visit: https://www.seleniumhq.org/exceptions/no_such_element.html
Build info: version: &apos;3.141.59&apos;, revision: &apos;e82be7d358&apos;, time: &apos;2018-11-14T08:17:03&apos;
System info: host: &apos;LUCASAMARAL&apos;, ip: &apos;192.168.0.12&apos;, os.name: &apos;Windows 10&apos;, os.arch: &apos;amd64&apos;, os.version: &apos;10.0&apos;, java.version: &apos;1.8.0_271&apos;
Driver info: org.openqa.selenium.firefox.FirefoxDriver
Capabilities {acceptInsecureCerts: true, browserName: firefox, browserVersion: 82.0, javascriptEnabled: true, moz:accessibilityChecks: false, moz:buildID: 20201014125134, moz:geckodriverVersion: 0.28.0, moz:headless: false, moz:processID: 22656, moz:profile: C:\Users\SouthSystem\AppDat..., moz:shutdownTimeout: 60000, moz:useNonSpecCompliantPointerOrigin: false, moz:webdriverClick: true, pageLoadStrategy: normal, platform: WINDOWS, platformName: WINDOWS, platformVersion: 10.0, rotatable: false, setWindowRect: true, strictFileInteractability: false, timeouts: {implicit: 0, pageLoad: 300000, script: 30000}, unhandledPromptBehavior: dismiss and notify}
Session ID: 551f5239-0c46-4ea1-a665-560e8f48ffe0
*** Element info: {Using=tag name, value=table}
	at sun.reflect.NativeConstructorAccessorImpl.newInstance0(Native Method)
	at sun.reflect.NativeConstructorAccessorImpl.newInstance(NativeConstructorAccessorImpl.java:62)
	at sun.reflect.DelegatingConstructorAccessorImpl.newInstance(DelegatingConstructorAccessorImpl.java:45)
	at java.lang.reflect.Constructor.newInstance(Constructor.java:423)
	at org.openqa.selenium.remote.http.W3CHttpResponseCodec.createException(W3CHttpResponseCodec.java:187)
	at org.openqa.selenium.remote.http.W3CHttpResponseCodec.decode(W3CHttpResponseCodec.java:122)
	at org.openqa.selenium.remote.http.W3CHttpResponseCodec.decode(W3CHttpResponseCodec.java:49)
	at org.openqa.selenium.remote.HttpCommandExecutor.execute(HttpCommandExecutor.java:158)
	at org.openqa.selenium.remote.service.DriverCommandExecutor.execute(DriverCommandExecutor.java:83)
	at org.openqa.selenium.remote.RemoteWebDriver.execute(RemoteWebDriver.java:552)
	at org.openqa.selenium.remote.RemoteWebDriver.findElement(RemoteWebDriver.java:323)
	at org.openqa.selenium.remote.RemoteWebDriver.findElementByTagName(RemoteWebDriver.java:396)
	at org.openqa.selenium.By$ByTagName.findElement(By.java:320)
	at org.openqa.selenium.remote.RemoteWebDriver.findElement(RemoteWebDriver.java:315)
	at org.openqa.selenium.support.pagefactory.DefaultElementLocator.findElement(DefaultElementLocator.java:69)
	at org.openqa.selenium.support.pagefactory.internal.LocatingElementHandler.invoke(LocatingElementHandler.java:38)
	at com.sun.proxy.$Proxy16.getText(Unknown Source)
	at pages.HomePage.searchForTextInList(HomePage.java:39)
	at steps.AddContact.iGetListedOnMyContactList(AddContact.java:29)
	at ✽.I get &quot;John Doe&quot; listed on my contact list(file:///C:/Users/SouthSystem/IdeaProjects/agenda-test/src/test/resources/features/addContact.feature:10)
</error>
    <system-out>
Scenario: Add new contact                         # src/test/resources/features/addContact.feature:6
  Given I know someone named &quot;John Doe&quot;           # steps.AddContact.iKnowSomeoneNamed(java.lang.String)
  And his telephone number is &quot;085994566898&quot;      # steps.AddContact.hisTelephoneNumberIs(java.lang.String)
  When I add him to the list                      # steps.AddContact.iAddHimToTheList()
  Then I get &quot;John Doe&quot; listed on my contact list # steps.AddContact.iGetListedOnMyContactList(java.lang.String)
      org.openqa.selenium.NoSuchElementException: Unable to locate element: table
For documentation on this error, please visit: https://www.seleniumhq.org/exceptions/no_such_element.html
Build info: version: &apos;3.141.59&apos;, revision: &apos;e82be7d358&apos;, time: &apos;2018-11-14T08:17:03&apos;
System info: host: &apos;LUCASAMARAL&apos;, ip: &apos;192.168.0.12&apos;, os.name: &apos;Windows 10&apos;, os.arch: &apos;amd64&apos;, os.version: &apos;10.0&apos;, java.version: &apos;1.8.0_271&apos;
Driver info: org.openqa.selenium.firefox.FirefoxDriver
Capabilities {acceptInsecureCerts: true, browserName: firefox, browserVersion: 82.0, javascriptEnabled: true, moz:accessibilityChecks: false, moz:buildID: 20201014125134, moz:geckodriverVersion: 0.28.0, moz:headless: false, moz:processID: 22656, moz:profile: C:\Users\SouthSystem\AppDat..., moz:shutdownTimeout: 60000, moz:useNonSpecCompliantPointerOrigin: false, moz:webdriverClick: true, pageLoadStrategy: normal, platform: WINDOWS, platformName: WINDOWS, platformVersion: 10.0, rotatable: false, setWindowRect: true, strictFileInteractability: false, timeouts: {implicit: 0, pageLoad: 300000, script: 30000}, unhandledPromptBehavior: dismiss and notify}
Session ID: 551f5239-0c46-4ea1-a665-560e8f48ffe0
*** Element info: {Using=tag name, value=table}
	at sun.reflect.NativeConstructorAccessorImpl.newInstance0(Native Method)
	at sun.reflect.NativeConstructorAccessorImpl.newInstance(NativeConstructorAccessorImpl.java:62)
	at sun.reflect.DelegatingConstructorAccessorImpl.newInstance(DelegatingConstructorAccessorImpl.java:45)
	at java.lang.reflect.Constructor.newInstance(Constructor.java:423)
	at org.openqa.selenium.remote.http.W3CHttpResponseCodec.createException(W3CHttpResponseCodec.java:187)
	at org.openqa.selenium.remote.http.W3CHttpResponseCodec.decode(W3CHttpResponseCodec.java:122)
	at org.openqa.selenium.remote.http.W3CHttpResponseCodec.decode(W3CHttpResponseCodec.java:49)
	at org.openqa.selenium.remote.HttpCommandExecutor.execute(HttpCommandExecutor.java:158)
	at org.openqa.selenium.remote.service.DriverCommandExecutor.execute(DriverCommandExecutor.java:83)
	at org.openqa.selenium.remote.RemoteWebDriver.execute(RemoteWebDriver.java:552)
	at org.openqa.selenium.remote.RemoteWebDriver.findElement(RemoteWebDriver.java:323)
	at org.openqa.selenium.remote.RemoteWebDriver.findElementByTagName(RemoteWebDriver.java:396)
	at org.openqa.selenium.By$ByTagName.findElement(By.java:320)
	at org.openqa.selenium.remote.RemoteWebDriver.findElement(RemoteWebDriver.java:315)
	at org.openqa.selenium.support.pagefactory.DefaultElementLocator.findElement(DefaultElementLocator.java:69)
	at org.openqa.selenium.support.pagefactory.internal.LocatingElementHandler.invoke(LocatingElementHandler.java:38)
	at com.sun.proxy.$Proxy16.getText(Unknown Source)
	at pages.HomePage.searchForTextInList(HomePage.java:39)
	at steps.AddContact.iGetListedOnMyContactList(AddContact.java:29)
	at ✽.I get &quot;John Doe&quot; listed on my contact list(file:///C:/Users/SouthSystem/IdeaProjects/agenda-test/src/test/resources/features/addContact.feature:10)

</system-out>
    <system-err>1604540592177	geckodriver	INFO	Listening on 127.0.0.1:5180
1604540592807	mozrunner::runner	INFO	Running command: &quot;C:\\Program Files\\Mozilla Firefox\\firefox.exe&quot; &quot;--marionette&quot; &quot;-foreground&quot; &quot;-no-remote&quot; &quot;-profile&quot; &quot;C:\\Users\\SOUTHS~1\\AppData\\Local\\Temp\\rust_mozprofileJwbu5v&quot;
Can&apos;t find symbol &apos;eglSwapBuffersWithDamageEXT&apos;.
JavaScript error: resource://gre/modules/XULStore.jsm, line 66: Error: Can&apos;t find profile directory.
console.warn: SearchSettings: &quot;get: No settings file exists, new profile?&quot; (new Error(&quot;&quot;, &quot;(unknown module)&quot;))
1604540595167	Marionette	INFO	Listening on port 53449
1604540595500	Marionette	WARN	TLS certificate errors will be ignored for this session
nov 04, 2020 10:43:15 PM org.openqa.selenium.remote.ProtocolHandshake createSession
INFORMA��ES: Detected dialect: W3C
</system-err>
  </testcase>
  <testcase classname="Add contacts to the Simple Agenda app" name="Add an already existing contact" time="1.116"/>
  <testcase classname="Add contacts to the Simple Agenda app" name="Add an empty contact" time="0.009"/>
  <testcase classname="Add contacts to the Simple Agenda app" name="Add a contact with more than 12 characters phone number" time="0.012"/>
  <testcase classname="Add contacts to the Simple Agenda app" name="Add a contact with less than 8 characters phone number" time="0.01"/>
  <testcase classname="Remove contacts from the Simple Agenda app" name="Remove an existing contact" time="0.007"/>
  <testcase classname="Remove contacts from the Simple Agenda app" name="Cancel contact removal" time="0.01"/>
  <testcase classname="Remove contacts from the Simple Agenda app" name="Remove multiple contacts" time="0.01"/>
  <testcase classname="Open Initial Page" name="Open initial page" time="0.224"/>
  <testcase classname="Open Initial Page" name="The list shows Name, Phone and Actions" time="0.794"/>
</testsuite>